<?xml version="1.0" encoding="UTF-8"?>
<!-- Generated by org.testng.reporters.JUnitReportReporter -->
<testsuite hostname="DLLA1421" name="org.stepdefs.RunnableClass" tests="1" failures="0" timestamp="7 Jan 2019 08:39:49 GMT" time="60.904" errors="0">
  <testcase name="run_cukes" time="60.904" classname="org.stepdefs.RunnableClass"/>
</testsuite> <!-- org.stepdefs.RunnableClass -->
