<?xml version="1.0" encoding="UTF-8"?>
<!-- Generated by org.testng.reporters.JUnitReportReporter -->
<testsuite hostname="DLLA1421" name="org.stepdefs.RunnableClass" tests="1" failures="0" timestamp="19 Dec 2018 16:36:17 GMT" time="120.547" errors="0">
  <testcase name="run_cukes" time="120.547" classname="org.stepdefs.RunnableClass"/>
</testsuite> <!-- org.stepdefs.RunnableClass -->
