<?xml version="1.0" encoding="UTF-8"?>
<!-- Generated by org.testng.reporters.JUnitReportReporter -->
<testsuite hostname="DLLA1421" name="org.stepdefs.RunnableClass" tests="1" failures="0" timestamp="21 Dec 2018 06:19:24 GMT" time="102.949" errors="0">
  <testcase name="run_cukes" time="102.949" classname="org.stepdefs.RunnableClass"/>
</testsuite> <!-- org.stepdefs.RunnableClass -->
