<?xml version="1.0" encoding="UTF-8"?>
<!-- Generated by org.testng.reporters.JUnitReportReporter -->
<testsuite hostname="DLLA1421" name="org.stepdefs.RunnableClass" tests="1" failures="0" timestamp="16 Dec 2018 04:53:35 GMT" time="114.431" errors="0">
  <testcase name="run_cukes" time="114.431" classname="org.stepdefs.RunnableClass"/>
</testsuite> <!-- org.stepdefs.RunnableClass -->
